<?xml version="1.0" encoding="UTF-8"?>
<!-- Generated by org.testng.reporters.JUnitXMLReporter -->
<testsuite hostname="LAPTOP-JIBR9C35" ignored="0" name="Default test" tests="4" failures="0" timestamp="19 Oct 2020 08:27:31 GMT" time="35.398" errors="0">
  <testcase name="text_usefulLinks" time="0.693" classname="testcases.UsefulLinksPageTest"/>
  <testcase name="text_internetRequired" time="0.043" classname="testcases.UsefulLinksPageTest"/>
  <testcase name="text_copyright" time="0.103" classname="testcases.UsefulLinksPageTest"/>
  <testcase name="text_designedForSelenium" time="0.045" classname="testcases.UsefulLinksPageTest"/>
</testsuite> <!-- Default test -->
