<?xml version="1.0" encoding="UTF-8"?>
<testng-results skipped="0" failed="0" ignored="0" total="4" passed="4">
  <reporter-output>
  </reporter-output>
  <suite name="Default suite" duration-ms="35398" started-at="2020-10-19T08:26:55Z" finished-at="2020-10-19T08:27:31Z">
    <groups>
    </groups>
    <test name="Default test" duration-ms="35398" started-at="2020-10-19T08:26:55Z" finished-at="2020-10-19T08:27:31Z">
      <class name="testcases.UsefulLinksPageTest">
        <test-method status="PASS" signature="initialise()[pri:0, instance:testcases.UsefulLinksPageTest@523884b2]" name="initialise" is-config="true" duration-ms="6270" started-at="2020-10-19T08:26:55Z" finished-at="2020-10-19T08:27:02Z">
          <reporter-output>
          </reporter-output>
        </test-method> <!-- initialise -->
        <test-method status="PASS" signature="text_usefulLinks()[pri:0, instance:testcases.UsefulLinksPageTest@523884b2]" name="text_usefulLinks" duration-ms="693" started-at="2020-10-19T08:27:02Z" finished-at="2020-10-19T08:27:02Z">
          <reporter-output>
          </reporter-output>
        </test-method> <!-- text_usefulLinks -->
        <test-method status="PASS" signature="terardown()[pri:0, instance:testcases.UsefulLinksPageTest@523884b2]" name="terardown" is-config="true" duration-ms="1389" started-at="2020-10-19T08:27:02Z" finished-at="2020-10-19T08:27:04Z">
          <reporter-output>
          </reporter-output>
        </test-method> <!-- terardown -->
        <test-method status="PASS" signature="initialise()[pri:0, instance:testcases.UsefulLinksPageTest@523884b2]" name="initialise" is-config="true" duration-ms="6466" started-at="2020-10-19T08:27:04Z" finished-at="2020-10-19T08:27:10Z">
          <reporter-output>
          </reporter-output>
        </test-method> <!-- initialise -->
        <test-method status="PASS" signature="text_internetRequired()[pri:1, instance:testcases.UsefulLinksPageTest@523884b2]" name="text_internetRequired" duration-ms="43" started-at="2020-10-19T08:27:10Z" finished-at="2020-10-19T08:27:10Z">
          <reporter-output>
          </reporter-output>
        </test-method> <!-- text_internetRequired -->
        <test-method status="PASS" signature="terardown()[pri:0, instance:testcases.UsefulLinksPageTest@523884b2]" name="terardown" is-config="true" duration-ms="4336" started-at="2020-10-19T08:27:10Z" finished-at="2020-10-19T08:27:15Z">
          <reporter-output>
          </reporter-output>
        </test-method> <!-- terardown -->
        <test-method status="PASS" signature="initialise()[pri:0, instance:testcases.UsefulLinksPageTest@523884b2]" name="initialise" is-config="true" duration-ms="7440" started-at="2020-10-19T08:27:15Z" finished-at="2020-10-19T08:27:22Z">
          <reporter-output>
          </reporter-output>
        </test-method> <!-- initialise -->
        <test-method status="PASS" signature="text_copyright()[pri:2, instance:testcases.UsefulLinksPageTest@523884b2]" name="text_copyright" duration-ms="103" started-at="2020-10-19T08:27:22Z" finished-at="2020-10-19T08:27:22Z">
          <reporter-output>
          </reporter-output>
        </test-method> <!-- text_copyright -->
        <test-method status="PASS" signature="terardown()[pri:0, instance:testcases.UsefulLinksPageTest@523884b2]" name="terardown" is-config="true" duration-ms="218" started-at="2020-10-19T08:27:22Z" finished-at="2020-10-19T08:27:22Z">
          <reporter-output>
          </reporter-output>
        </test-method> <!-- terardown -->
        <test-method status="PASS" signature="initialise()[pri:0, instance:testcases.UsefulLinksPageTest@523884b2]" name="initialise" is-config="true" duration-ms="8154" started-at="2020-10-19T08:27:22Z" finished-at="2020-10-19T08:27:30Z">
          <reporter-output>
          </reporter-output>
        </test-method> <!-- initialise -->
        <test-method status="PASS" signature="text_designedForSelenium()[pri:3, instance:testcases.UsefulLinksPageTest@523884b2]" name="text_designedForSelenium" duration-ms="45" started-at="2020-10-19T08:27:30Z" finished-at="2020-10-19T08:27:31Z">
          <reporter-output>
          </reporter-output>
        </test-method> <!-- text_designedForSelenium -->
        <test-method status="PASS" signature="terardown()[pri:0, instance:testcases.UsefulLinksPageTest@523884b2]" name="terardown" is-config="true" duration-ms="199" started-at="2020-10-19T08:27:31Z" finished-at="2020-10-19T08:27:31Z">
          <reporter-output>
          </reporter-output>
        </test-method> <!-- terardown -->
      </class> <!-- testcases.UsefulLinksPageTest -->
    </test> <!-- Default test -->
  </suite> <!-- Default suite -->
</testng-results>
